<?xml version="1.0" encoding="UTF-8"?>
<!-- Generated by org.testng.reporters.JUnitReportReporter -->
<testsuite hostname="vairamuthu_m" name="com.photon.phresco.testcases.WelcomePageTestCase" tests="4" failures="0" timestamp="25 Feb 2013 07:28:39 GMT" time="2.141" errors="2">
  <testcase name="testToCreateAccount" time="1.265" classname="com.photon.phresco.testcases.WelcomePageTestCase">
    <error type="java.lang.AssertionError" message="expected:&lt;null&gt; but was:&lt;org.openqa.selenium.TimeoutException: Timed out after 0 seconds waiting for com.photon.phresco.Screens.BaseScreen$1@1cb52ae
Build info: version: &#039;2.30.0&#039;, revision: &#039;dc1ef9c&#039;, time: &#039;2013-02-19 00:15:27&#039;
System info: os.name: &#039;Windows XP&#039;, os.arch: &#039;x86&#039;, os.version: &#039;5.1&#039;, java.version: &#039;1.6.0_31&#039;
Driver info: driver.version: unknown&gt;">
      <![CDATA[java.lang.AssertionError: expected:<null> but was:<org.openqa.selenium.TimeoutException: Timed out after 0 seconds waiting for com.photon.phresco.Screens.BaseScreen$1@1cb52ae
Build info: version: '2.30.0', revision: 'dc1ef9c', time: '2013-02-19 00:15:27'
System info: os.name: 'Windows XP', os.arch: 'x86', os.version: '5.1', java.version: '1.6.0_31'
Driver info: driver.version: unknown>
	at org.testng.Assert.fail(Assert.java:89)
	at org.testng.Assert.failNotSame(Assert.java:485)
	at org.testng.Assert.assertNull(Assert.java:421)
	at org.testng.Assert.assertNull(Assert.java:410)
	at com.photon.phresco.Screens.BaseScreen.waitForElementPresent(BaseScreen.java:260)
	at com.photon.phresco.Screens.BaseScreen.createAccount(BaseScreen.java:285)
	at com.photon.phresco.testcases.WelcomePageTestCase.testToCreateAccount(WelcomePageTestCase.java:95)
	at sun.reflect.NativeMethodAccessorImpl.invoke0(Native Method)
	at sun.reflect.NativeMethodAccessorImpl.invoke(Unknown Source)
	at sun.reflect.DelegatingMethodAccessorImpl.invoke(Unknown Source)
	at java.lang.reflect.Method.invoke(Unknown Source)
	at org.testng.internal.MethodInvocationHelper.invokeMethod(MethodInvocationHelper.java:80)
	at org.testng.internal.Invoker.invokeMethod(Invoker.java:702)
	at org.testng.internal.Invoker.invokeTestMethod(Invoker.java:894)
	at org.testng.internal.Invoker.invokeTestMethods(Invoker.java:1219)
	at org.testng.internal.TestMethodWorker.invokeTestMethods(TestMethodWorker.java:127)
	at org.testng.internal.TestMethodWorker.run(TestMethodWorker.java:111)
	at org.testng.TestRunner.privateRun(TestRunner.java:767)
	at org.testng.TestRunner.run(TestRunner.java:617)
	at org.testng.SuiteRunner.runTest(SuiteRunner.java:334)
	at org.testng.SuiteRunner.access$000(SuiteRunner.java:37)
	at org.testng.SuiteRunner$SuiteWorker.run(SuiteRunner.java:368)
	at org.testng.internal.thread.ThreadUtil$2.call(ThreadUtil.java:64)
	at java.util.concurrent.FutureTask$Sync.innerRun(Unknown Source)
	at java.util.concurrent.FutureTask.run(Unknown Source)
	at java.util.concurrent.ThreadPoolExecutor$Worker.runTask(Unknown Source)
	at java.util.concurrent.ThreadPoolExecutor$Worker.run(Unknown Source)
	at java.lang.Thread.run(Unknown Source)
]]>
    </error>
  </testcase> <!-- testToCreateAccount -->
  <testcase name="testToCreateAccount" time="0.016" classname="com.photon.phresco.testcases.WelcomePageTestCase"/>
  <testcase name="testToLogin" time="0.000" classname="com.photon.phresco.testcases.WelcomePageTestCase"/>
  <testcase name="testToLogin" time="0.860" classname="com.photon.phresco.testcases.WelcomePageTestCase">
    <error type="java.lang.AssertionError" message="expected:&lt;null&gt; but was:&lt;org.openqa.selenium.TimeoutException: Timed out after 0 seconds waiting for com.photon.phresco.Screens.BaseScreen$1@2c35e
Build info: version: &#039;2.30.0&#039;, revision: &#039;dc1ef9c&#039;, time: &#039;2013-02-19 00:15:27&#039;
System info: os.name: &#039;Windows XP&#039;, os.arch: &#039;x86&#039;, os.version: &#039;5.1&#039;, java.version: &#039;1.6.0_31&#039;
Driver info: driver.version: unknown&gt;">
      <![CDATA[java.lang.AssertionError: expected:<null> but was:<org.openqa.selenium.TimeoutException: Timed out after 0 seconds waiting for com.photon.phresco.Screens.BaseScreen$1@2c35e
Build info: version: '2.30.0', revision: 'dc1ef9c', time: '2013-02-19 00:15:27'
System info: os.name: 'Windows XP', os.arch: 'x86', os.version: '5.1', java.version: '1.6.0_31'
Driver info: driver.version: unknown>
	at org.testng.Assert.fail(Assert.java:89)
	at org.testng.Assert.failNotSame(Assert.java:485)
	at org.testng.Assert.assertNull(Assert.java:421)
	at org.testng.Assert.assertNull(Assert.java:410)
	at com.photon.phresco.Screens.BaseScreen.waitForElementPresent(BaseScreen.java:260)
	at com.photon.phresco.Screens.BaseScreen.loginDrupal(BaseScreen.java:313)
	at com.photon.phresco.testcases.WelcomePageTestCase.testToLogin(WelcomePageTestCase.java:112)
	at sun.reflect.NativeMethodAccessorImpl.invoke0(Native Method)
	at sun.reflect.NativeMethodAccessorImpl.invoke(Unknown Source)
	at sun.reflect.DelegatingMethodAccessorImpl.invoke(Unknown Source)
	at java.lang.reflect.Method.invoke(Unknown Source)
	at org.testng.internal.MethodInvocationHelper.invokeMethod(MethodInvocationHelper.java:80)
	at org.testng.internal.Invoker.invokeMethod(Invoker.java:702)
	at org.testng.internal.Invoker.invokeTestMethod(Invoker.java:894)
	at org.testng.internal.Invoker.invokeTestMethods(Invoker.java:1219)
	at org.testng.internal.TestMethodWorker.invokeTestMethods(TestMethodWorker.java:127)
	at org.testng.internal.TestMethodWorker.run(TestMethodWorker.java:111)
	at org.testng.TestRunner.privateRun(TestRunner.java:767)
	at org.testng.TestRunner.run(TestRunner.java:617)
	at org.testng.SuiteRunner.runTest(SuiteRunner.java:334)
	at org.testng.SuiteRunner.access$000(SuiteRunner.java:37)
	at org.testng.SuiteRunner$SuiteWorker.run(SuiteRunner.java:368)
	at org.testng.internal.thread.ThreadUtil$2.call(ThreadUtil.java:64)
	at java.util.concurrent.FutureTask$Sync.innerRun(Unknown Source)
	at java.util.concurrent.FutureTask.run(Unknown Source)
	at java.util.concurrent.ThreadPoolExecutor$Worker.runTask(Unknown Source)
	at java.util.concurrent.ThreadPoolExecutor$Worker.run(Unknown Source)
	at java.lang.Thread.run(Unknown Source)
]]>
    </error>
  </testcase> <!-- testToLogin -->
</testsuite> <!-- com.photon.phresco.testcases.WelcomePageTestCase -->
