<?xml version="1.0" encoding="UTF-8"?>
<!-- Generated by org.testng.reporters.JUnitXMLReporter -->
<testsuite hostname="vairamuthu_m" name="VerifyWelcomePageOnFirefox" tests="2" failures="2" timestamp="25 Feb 2013 07:28:09 GMT" time="16.265" errors="0">
  <testcase name="testToCreateAccount" time="1.265" classname="com.photon.phresco.testcases.WelcomePageTestCase">
    <failure type="java.lang.AssertionError" message="expected:&amp;lt;null&amp;gt; but was:&amp;lt;org.openqa.selenium.TimeoutException: Timed out after 0 seconds waiting for com.photon.phresco.Screens.BaseScreen$1@1cb52ae
Build info: version: &amp;apos;2.30.0&amp;apos;, revision: &amp;apos;dc1ef9c&amp;apos;, time: &amp;apos;2013-02-19 00:15:27&amp;apos;
System info: os.name: &amp;apos;Windows XP&amp;apos;, os.arch: &amp;apos;x86&amp;apos;, os.version: &amp;apos;5.1&amp;apos;, java.version: &amp;apos;1.6.0_31&amp;apos;
Driver info: driver.version: unknown&amp;gt;">
      <![CDATA[java.lang.AssertionError: expected:<null> but was:<org.openqa.selenium.TimeoutException: Timed out after 0 seconds waiting for com.photon.phresco.Screens.BaseScreen$1@1cb52ae
Build info: version: '2.30.0', revision: 'dc1ef9c', time: '2013-02-19 00:15:27'
System info: os.name: 'Windows XP', os.arch: 'x86', os.version: '5.1', java.version: '1.6.0_31'
Driver info: driver.version: unknown>
	at org.testng.Assert.fail(Assert.java:89)
	at org.testng.Assert.failNotSame(Assert.java:485)
	at org.testng.Assert.assertNull(Assert.java:421)
	at org.testng.Assert.assertNull(Assert.java:410)
	at com.photon.phresco.Screens.BaseScreen.waitForElementPresent(BaseScreen.java:260)
	at com.photon.phresco.Screens.BaseScreen.createAccount(BaseScreen.java:285)
	at com.photon.phresco.testcases.WelcomePageTestCase.testToCreateAccount(WelcomePageTestCase.java:95)
	at sun.reflect.NativeMethodAccessorImpl.invoke0(Native Method)
	at sun.reflect.NativeMethodAccessorImpl.invoke(Unknown Source)
	at sun.reflect.DelegatingMethodAccessorImpl.invoke(Unknown Source)
	at java.lang.reflect.Method.invoke(Unknown Source)
	at org.testng.internal.MethodInvocationHelper.invokeMethod(MethodInvocationHelper.java:80)
	at org.testng.internal.Invoker.invokeMethod(Invoker.java:702)
	at org.testng.internal.Invoker.invokeTestMethod(Invoker.java:894)
	at org.testng.internal.Invoker.invokeTestMethods(Invoker.java:1219)
	at org.testng.internal.TestMethodWorker.invokeTestMethods(TestMethodWorker.java:127)
	at org.testng.internal.TestMethodWorker.run(TestMethodWorker.java:111)
	at org.testng.TestRunner.privateRun(TestRunner.java:767)
	at org.testng.TestRunner.run(TestRunner.java:617)
	at org.testng.SuiteRunner.runTest(SuiteRunner.java:334)
	at org.testng.SuiteRunner.access$000(SuiteRunner.java:37)
	at org.testng.SuiteRunner$SuiteWorker.run(SuiteRunner.java:368)
	at org.testng.internal.thread.ThreadUtil$2.call(ThreadUtil.java:64)
	at java.util.concurrent.FutureTask$Sync.innerRun(Unknown Source)
	at java.util.concurrent.FutureTask.run(Unknown Source)
	at java.util.concurrent.ThreadPoolExecutor$Worker.runTask(Unknown Source)
	at java.util.concurrent.ThreadPoolExecutor$Worker.run(Unknown Source)
	at java.lang.Thread.run(Unknown Source)
]]>
    </failure>
  </testcase> <!-- testToCreateAccount -->
  <testcase name="testToLogin" time="0.86" classname="com.photon.phresco.testcases.WelcomePageTestCase">
    <failure type="java.lang.AssertionError" message="expected:&amp;lt;null&amp;gt; but was:&amp;lt;org.openqa.selenium.TimeoutException: Timed out after 0 seconds waiting for com.photon.phresco.Screens.BaseScreen$1@2c35e
Build info: version: &amp;apos;2.30.0&amp;apos;, revision: &amp;apos;dc1ef9c&amp;apos;, time: &amp;apos;2013-02-19 00:15:27&amp;apos;
System info: os.name: &amp;apos;Windows XP&amp;apos;, os.arch: &amp;apos;x86&amp;apos;, os.version: &amp;apos;5.1&amp;apos;, java.version: &amp;apos;1.6.0_31&amp;apos;
Driver info: driver.version: unknown&amp;gt;">
      <![CDATA[java.lang.AssertionError: expected:<null> but was:<org.openqa.selenium.TimeoutException: Timed out after 0 seconds waiting for com.photon.phresco.Screens.BaseScreen$1@2c35e
Build info: version: '2.30.0', revision: 'dc1ef9c', time: '2013-02-19 00:15:27'
System info: os.name: 'Windows XP', os.arch: 'x86', os.version: '5.1', java.version: '1.6.0_31'
Driver info: driver.version: unknown>
	at org.testng.Assert.fail(Assert.java:89)
	at org.testng.Assert.failNotSame(Assert.java:485)
	at org.testng.Assert.assertNull(Assert.java:421)
	at org.testng.Assert.assertNull(Assert.java:410)
	at com.photon.phresco.Screens.BaseScreen.waitForElementPresent(BaseScreen.java:260)
	at com.photon.phresco.Screens.BaseScreen.loginDrupal(BaseScreen.java:313)
	at com.photon.phresco.testcases.WelcomePageTestCase.testToLogin(WelcomePageTestCase.java:112)
	at sun.reflect.NativeMethodAccessorImpl.invoke0(Native Method)
	at sun.reflect.NativeMethodAccessorImpl.invoke(Unknown Source)
	at sun.reflect.DelegatingMethodAccessorImpl.invoke(Unknown Source)
	at java.lang.reflect.Method.invoke(Unknown Source)
	at org.testng.internal.MethodInvocationHelper.invokeMethod(MethodInvocationHelper.java:80)
	at org.testng.internal.Invoker.invokeMethod(Invoker.java:702)
	at org.testng.internal.Invoker.invokeTestMethod(Invoker.java:894)
	at org.testng.internal.Invoker.invokeTestMethods(Invoker.java:1219)
	at org.testng.internal.TestMethodWorker.invokeTestMethods(TestMethodWorker.java:127)
	at org.testng.internal.TestMethodWorker.run(TestMethodWorker.java:111)
	at org.testng.TestRunner.privateRun(TestRunner.java:767)
	at org.testng.TestRunner.run(TestRunner.java:617)
	at org.testng.SuiteRunner.runTest(SuiteRunner.java:334)
	at org.testng.SuiteRunner.access$000(SuiteRunner.java:37)
	at org.testng.SuiteRunner$SuiteWorker.run(SuiteRunner.java:368)
	at org.testng.internal.thread.ThreadUtil$2.call(ThreadUtil.java:64)
	at java.util.concurrent.FutureTask$Sync.innerRun(Unknown Source)
	at java.util.concurrent.FutureTask.run(Unknown Source)
	at java.util.concurrent.ThreadPoolExecutor$Worker.runTask(Unknown Source)
	at java.util.concurrent.ThreadPoolExecutor$Worker.run(Unknown Source)
	at java.lang.Thread.run(Unknown Source)
]]>
    </failure>
  </testcase> <!-- testToLogin -->
</testsuite> <!-- VerifyWelcomePageOnFirefox -->
